2018-10-23 15:07:01,673 p=14071 u=inolan |  PLAY [Install Splunk Forwarder] *************************************************************************************************************************
2018-10-23 15:07:01,733 p=14071 u=inolan |  TASK [Gathering Facts] **********************************************************************************************************************************
2018-10-23 15:07:03,515 p=14071 u=inolan |  ok: [deploy-cent7.library.arizona.edu]
2018-10-23 15:07:03,523 p=14071 u=inolan |   [WARNING]: Failure using method (v2_runner_on_ok) in callback plugin (<ansible.plugins.callback./home/inolan/Git/ansible-
config/callback_plugins/splunk.CallbackModule object at 0x7f779d3ae150>): <urlopen error [Errno 113] No route to host>

2018-10-23 15:07:03,530 p=14071 u=inolan |  PLAY [Update Splunk Forwarder] **************************************************************************************************************************
2018-10-23 15:07:03,551 p=14071 u=inolan |  TASK [Gathering Facts] **********************************************************************************************************************************
2018-10-23 15:07:04,659 p=14071 u=inolan |  ok: [deploy-cent7.library.arizona.edu]
2018-10-23 15:07:04,689 p=14071 u=inolan |  TASK [splunk-update : 1st Register Splunk Status] *******************************************************************************************************
2018-10-23 15:07:05,366 p=14071 u=inolan |  fatal: [deploy-cent7.library.arizona.edu]: FAILED! => {"changed": true, "cmd": ["/opt/splunkforwarder/bin/splunk", "status"], "delta": "0:00:00.006340", "end": "2018-10-23 15:07:37.542055", "msg": "non-zero return code", "rc": 3, "start": "2018-10-23 15:07:37.535715", "stderr": "", "stderr_lines": [], "stdout": "splunkd is not running.", "stdout_lines": ["splunkd is not running."]}
2018-10-23 15:07:05,366 p=14071 u=inolan |  ...ignoring
2018-10-23 15:07:05,371 p=14071 u=inolan |   [WARNING]: Failure using method (v2_runner_on_failed) in callback plugin (<ansible.plugins.callback./home/inolan/Git/ansible-
config/callback_plugins/splunk.CallbackModule object at 0x7f779d3ae150>): <urlopen error [Errno 113] No route to host>

2018-10-23 15:07:05,417 p=14071 u=inolan |  TASK [splunk-update : Stop Splunk] **********************************************************************************************************************
2018-10-23 15:07:05,430 p=14071 u=inolan |  skipping: [deploy-cent7.library.arizona.edu]
2018-10-23 15:07:05,433 p=14071 u=inolan |   [WARNING]: Failure using method (v2_runner_on_skipped) in callback plugin (<ansible.plugins.callback./home/inolan/Git/ansible-
config/callback_plugins/splunk.CallbackModule object at 0x7f779d3ae150>): <urlopen error [Errno 113] No route to host>

2018-10-23 15:07:05,459 p=14071 u=inolan |  TASK [splunk-update : 2nd Register Splunk Status] *******************************************************************************************************
2018-10-23 15:07:06,075 p=14071 u=inolan |  fatal: [deploy-cent7.library.arizona.edu]: FAILED! => {"changed": true, "cmd": ["/opt/splunkforwarder/bin/splunk", "status"], "delta": "0:00:00.004989", "end": "2018-10-23 15:07:38.250948", "msg": "non-zero return code", "rc": 3, "start": "2018-10-23 15:07:38.245959", "stderr": "", "stderr_lines": [], "stdout": "splunkd is not running.", "stdout_lines": ["splunkd is not running."]}
2018-10-23 15:07:06,076 p=14071 u=inolan |  ...ignoring
2018-10-23 15:07:06,115 p=14071 u=inolan |  TASK [splunk-update : (CentOS) Upgrade Splunk Forwarder.] ***********************************************************************************************
2018-10-23 15:07:07,598 p=14071 u=inolan |  ok: [deploy-cent7.library.arizona.edu]
2018-10-23 15:07:07,637 p=14071 u=inolan |  TASK [splunk-update : (Ubuntu) Upgrade Splunk Forwarder.] ***********************************************************************************************
2018-10-23 15:07:07,651 p=14071 u=inolan |  skipping: [deploy-cent7.library.arizona.edu]
2018-10-23 15:07:07,676 p=14071 u=inolan |  TASK [splunk-update : Change Splunk Permissions] ********************************************************************************************************
2018-10-23 15:07:08,464 p=14071 u=inolan |  ok: [deploy-cent7.library.arizona.edu]
2018-10-23 15:07:08,470 p=14071 u=inolan |  PLAY RECAP **********************************************************************************************************************************************
2018-10-23 15:07:08,470 p=14071 u=inolan |  deploy-cent7.library.arizona.edu : ok=6    changed=2    unreachable=0    failed=0   
2018-10-23 15:13:38,222 p=15574 u=inolan |  PLAY [Install Splunk Forwarder] *************************************************************************************************************************
2018-10-23 15:13:38,286 p=15574 u=inolan |  TASK [Gathering Facts] **********************************************************************************************************************************
2018-10-23 15:13:40,158 p=15574 u=inolan |  ok: [deploy-cent7.library.arizona.edu]
2018-10-23 15:13:40,171 p=15574 u=inolan |   [WARNING]: Failure using method (v2_runner_on_ok) in callback plugin (<ansible.plugins.callback./home/inolan/Git/ansible-
config/callback_plugins/splunk.CallbackModule object at 0x7fd2e6eaa150>): <urlopen error [Errno 113] No route to host>

2018-10-23 15:13:40,181 p=15574 u=inolan |  PLAY [Update Splunk Forwarder] **************************************************************************************************************************
2018-10-23 15:13:40,212 p=15574 u=inolan |  TASK [Gathering Facts] **********************************************************************************************************************************
2018-10-23 15:13:41,222 p=15574 u=inolan |  ok: [deploy-cent7.library.arizona.edu]
2018-10-23 15:13:41,251 p=15574 u=inolan |  TASK [splunk-update : 1st Register Splunk Status] *******************************************************************************************************
2018-10-23 15:13:41,968 p=15574 u=inolan |  fatal: [deploy-cent7.library.arizona.edu]: FAILED! => {"changed": true, "cmd": ["/opt/splunkforwarder/bin/splunk", "status"], "delta": "0:00:00.006574", "end": "2018-10-23 15:14:14.141259", "msg": "non-zero return code", "rc": 3, "start": "2018-10-23 15:14:14.134685", "stderr": "", "stderr_lines": [], "stdout": "splunkd is not running.", "stdout_lines": ["splunkd is not running."]}
2018-10-23 15:13:41,969 p=15574 u=inolan |  ...ignoring
2018-10-23 15:13:41,975 p=15574 u=inolan |   [WARNING]: Failure using method (v2_runner_on_failed) in callback plugin (<ansible.plugins.callback./home/inolan/Git/ansible-
config/callback_plugins/splunk.CallbackModule object at 0x7fd2e6eaa150>): <urlopen error [Errno 113] No route to host>

2018-10-23 15:13:42,034 p=15574 u=inolan |  TASK [splunk-update : Stop Splunk] **********************************************************************************************************************
2018-10-23 15:13:42,049 p=15574 u=inolan |  skipping: [deploy-cent7.library.arizona.edu]
2018-10-23 15:13:42,051 p=15574 u=inolan |   [WARNING]: Failure using method (v2_runner_on_skipped) in callback plugin (<ansible.plugins.callback./home/inolan/Git/ansible-
config/callback_plugins/splunk.CallbackModule object at 0x7fd2e6eaa150>): <urlopen error [Errno 113] No route to host>

2018-10-23 15:13:42,081 p=15574 u=inolan |  TASK [splunk-update : 2nd Register Splunk Status] *******************************************************************************************************
2018-10-23 15:13:42,679 p=15574 u=inolan |  fatal: [deploy-cent7.library.arizona.edu]: FAILED! => {"changed": true, "cmd": ["/opt/splunkforwarder/bin/splunk", "status"], "delta": "0:00:00.005137", "end": "2018-10-23 15:14:14.864766", "msg": "non-zero return code", "rc": 3, "start": "2018-10-23 15:14:14.859629", "stderr": "", "stderr_lines": [], "stdout": "splunkd is not running.", "stdout_lines": ["splunkd is not running."]}
2018-10-23 15:13:42,680 p=15574 u=inolan |  ...ignoring
2018-10-23 15:13:42,723 p=15574 u=inolan |  TASK [splunk-update : (CentOS) Upgrade Splunk Forwarder.] ***********************************************************************************************
2018-10-23 15:13:44,218 p=15574 u=inolan |  ok: [deploy-cent7.library.arizona.edu]
2018-10-23 15:13:44,259 p=15574 u=inolan |  TASK [splunk-update : (Ubuntu) Upgrade Splunk Forwarder.] ***********************************************************************************************
2018-10-23 15:13:44,273 p=15574 u=inolan |  skipping: [deploy-cent7.library.arizona.edu]
2018-10-23 15:13:44,303 p=15574 u=inolan |  TASK [splunk-update : Change Splunk Permissions] ********************************************************************************************************
2018-10-23 15:13:45,103 p=15574 u=inolan |  ok: [deploy-cent7.library.arizona.edu]
2018-10-23 15:13:45,108 p=15574 u=inolan |  PLAY RECAP **********************************************************************************************************************************************
2018-10-23 15:13:45,108 p=15574 u=inolan |  deploy-cent7.library.arizona.edu : ok=6    changed=2    unreachable=0    failed=0   
2018-10-23 15:16:22,099 p=15896 u=inolan |  PLAY [Install Splunk Forwarder] *************************************************************************************************************************
2018-10-23 15:16:22,162 p=15896 u=inolan |  TASK [Gathering Facts] **********************************************************************************************************************************
2018-10-23 15:16:24,014 p=15896 u=inolan |  ok: [deploy-cent7.library.arizona.edu]
2018-10-23 15:16:24,027 p=15896 u=inolan |   [WARNING]: Failure using method (v2_runner_on_ok) in callback plugin (<ansible.plugins.callback./home/inolan/Git/ansible-
config/callback_plugins/splunk.CallbackModule object at 0x7f1b0b517150>): <urlopen error [Errno 113] No route to host>

2018-10-23 15:16:24,033 p=15896 u=inolan |  PLAY [Update Splunk Forwarder] **************************************************************************************************************************
2018-10-23 15:16:24,057 p=15896 u=inolan |  TASK [Gathering Facts] **********************************************************************************************************************************
2018-10-23 15:16:25,137 p=15896 u=inolan |  ok: [deploy-cent7.library.arizona.edu]
2018-10-23 15:16:25,164 p=15896 u=inolan |  TASK [splunk-update : 1st Register Splunk Status] *******************************************************************************************************
2018-10-23 15:16:25,838 p=15896 u=inolan |  fatal: [deploy-cent7.library.arizona.edu]: FAILED! => {"changed": true, "cmd": ["/opt/splunkforwarder/bin/splunk", "status"], "delta": "0:00:00.006545", "end": "2018-10-23 15:16:58.030487", "msg": "non-zero return code", "rc": 3, "start": "2018-10-23 15:16:58.023942", "stderr": "", "stderr_lines": [], "stdout": "splunkd is not running.", "stdout_lines": ["splunkd is not running."]}
2018-10-23 15:16:25,838 p=15896 u=inolan |  ...ignoring
2018-10-23 15:16:25,843 p=15896 u=inolan |   [WARNING]: Failure using method (v2_runner_on_failed) in callback plugin (<ansible.plugins.callback./home/inolan/Git/ansible-
config/callback_plugins/splunk.CallbackModule object at 0x7f1b0b517150>): <urlopen error [Errno 113] No route to host>

2018-10-23 15:16:25,903 p=15896 u=inolan |  TASK [splunk-update : Stop Splunk] **********************************************************************************************************************
2018-10-23 15:16:25,917 p=15896 u=inolan |  skipping: [deploy-cent7.library.arizona.edu]
2018-10-23 15:16:25,920 p=15896 u=inolan |   [WARNING]: Failure using method (v2_runner_on_skipped) in callback plugin (<ansible.plugins.callback./home/inolan/Git/ansible-
config/callback_plugins/splunk.CallbackModule object at 0x7f1b0b517150>): <urlopen error [Errno 113] No route to host>

2018-10-23 15:16:25,945 p=15896 u=inolan |  TASK [splunk-update : 2nd Register Splunk Status] *******************************************************************************************************
2018-10-23 15:16:26,542 p=15896 u=inolan |  fatal: [deploy-cent7.library.arizona.edu]: FAILED! => {"changed": true, "cmd": ["/opt/splunkforwarder/bin/splunk", "status"], "delta": "0:00:00.004966", "end": "2018-10-23 15:16:58.730836", "msg": "non-zero return code", "rc": 3, "start": "2018-10-23 15:16:58.725870", "stderr": "", "stderr_lines": [], "stdout": "splunkd is not running.", "stdout_lines": ["splunkd is not running."]}
2018-10-23 15:16:26,543 p=15896 u=inolan |  ...ignoring
2018-10-23 15:16:26,573 p=15896 u=inolan |  TASK [splunk-update : (CentOS) Upgrade Splunk Forwarder.] ***********************************************************************************************
2018-10-23 15:16:27,971 p=15896 u=inolan |  ok: [deploy-cent7.library.arizona.edu]
2018-10-23 15:16:28,010 p=15896 u=inolan |  TASK [splunk-update : (Ubuntu) Upgrade Splunk Forwarder.] ***********************************************************************************************
2018-10-23 15:16:28,022 p=15896 u=inolan |  skipping: [deploy-cent7.library.arizona.edu]
2018-10-23 15:16:28,047 p=15896 u=inolan |  TASK [splunk-update : Change Splunk Permissions] ********************************************************************************************************
2018-10-23 15:16:28,876 p=15896 u=inolan |  ok: [deploy-cent7.library.arizona.edu]
2018-10-23 15:16:28,885 p=15896 u=inolan |  PLAY RECAP **********************************************************************************************************************************************
2018-10-23 15:16:28,886 p=15896 u=inolan |  deploy-cent7.library.arizona.edu : ok=6    changed=2    unreachable=0    failed=0   
2018-10-23 15:23:01,314 p=16252 u=inolan |  PLAY [Install Splunk Forwarder] *************************************************************************************************************************
2018-10-23 15:23:01,377 p=16252 u=inolan |  TASK [Gathering Facts] **********************************************************************************************************************************
2018-10-23 15:23:03,159 p=16252 u=inolan |  ok: [deploy-cent7.library.arizona.edu]
2018-10-23 15:23:03,168 p=16252 u=inolan |   [WARNING]: Failure using method (v2_runner_on_ok) in callback plugin (<ansible.plugins.callback./home/inolan/Git/ansible-
config/callback_plugins/splunk.CallbackModule object at 0x7fc2536ed150>): <urlopen error [Errno 113] No route to host>

2018-10-23 15:23:03,174 p=16252 u=inolan |  PLAY [Update Splunk Forwarder] **************************************************************************************************************************
2018-10-23 15:23:03,198 p=16252 u=inolan |  TASK [Gathering Facts] **********************************************************************************************************************************
2018-10-23 15:23:04,211 p=16252 u=inolan |  ok: [deploy-cent7.library.arizona.edu]
2018-10-23 15:23:04,248 p=16252 u=inolan |  TASK [splunk-update : 1st Register Splunk Status] *******************************************************************************************************
2018-10-23 15:23:05,008 p=16252 u=inolan |  fatal: [deploy-cent7.library.arizona.edu]: FAILED! => {"changed": true, "cmd": ["/opt/splunkforwarder/bin/splunk", "status"], "delta": "0:00:00.007061", "end": "2018-10-23 15:23:37.188355", "msg": "non-zero return code", "rc": 3, "start": "2018-10-23 15:23:37.181294", "stderr": "", "stderr_lines": [], "stdout": "splunkd is not running.", "stdout_lines": ["splunkd is not running."]}
2018-10-23 15:23:05,009 p=16252 u=inolan |  ...ignoring
2018-10-23 15:23:05,014 p=16252 u=inolan |   [WARNING]: Failure using method (v2_runner_on_failed) in callback plugin (<ansible.plugins.callback./home/inolan/Git/ansible-
config/callback_plugins/splunk.CallbackModule object at 0x7fc2536ed150>): <urlopen error [Errno 113] No route to host>

2018-10-23 15:23:05,039 p=16252 u=inolan |  TASK [splunk-update : Stop Splunk] **********************************************************************************************************************
2018-10-23 15:23:05,053 p=16252 u=inolan |  skipping: [deploy-cent7.library.arizona.edu]
2018-10-23 15:23:05,055 p=16252 u=inolan |   [WARNING]: Failure using method (v2_runner_on_skipped) in callback plugin (<ansible.plugins.callback./home/inolan/Git/ansible-
config/callback_plugins/splunk.CallbackModule object at 0x7fc2536ed150>): <urlopen error [Errno 113] No route to host>

2018-10-23 15:23:05,104 p=16252 u=inolan |  TASK [splunk-update : 2nd Register Splunk Status] *******************************************************************************************************
2018-10-23 15:23:05,705 p=16252 u=inolan |  fatal: [deploy-cent7.library.arizona.edu]: FAILED! => {"changed": true, "cmd": ["/opt/splunkforwarder/bin/splunk", "status"], "delta": "0:00:00.004946", "end": "2018-10-23 15:23:37.889078", "msg": "non-zero return code", "rc": 3, "start": "2018-10-23 15:23:37.884132", "stderr": "", "stderr_lines": [], "stdout": "splunkd is not running.", "stdout_lines": ["splunkd is not running."]}
2018-10-23 15:23:05,705 p=16252 u=inolan |  ...ignoring
2018-10-23 15:23:05,748 p=16252 u=inolan |  TASK [splunk-update : (CentOS) Upgrade Splunk Forwarder.] ***********************************************************************************************
2018-10-23 15:23:07,245 p=16252 u=inolan |  ok: [deploy-cent7.library.arizona.edu]
2018-10-23 15:23:07,310 p=16252 u=inolan |  TASK [splunk-update : (Ubuntu) Upgrade Splunk Forwarder.] ***********************************************************************************************
2018-10-23 15:23:07,326 p=16252 u=inolan |  skipping: [deploy-cent7.library.arizona.edu]
2018-10-23 15:23:07,357 p=16252 u=inolan |  TASK [splunk-update : Change Splunk Permissions] ********************************************************************************************************
2018-10-23 15:23:08,217 p=16252 u=inolan |  ok: [deploy-cent7.library.arizona.edu]
2018-10-23 15:23:08,227 p=16252 u=inolan |  PLAY RECAP **********************************************************************************************************************************************
2018-10-23 15:23:08,228 p=16252 u=inolan |  deploy-cent7.library.arizona.edu : ok=6    changed=2    unreachable=0    failed=0   
2018-10-23 15:25:56,755 p=16534 u=inolan |  PLAY [Install Splunk Forwarder] *************************************************************************************************************************
2018-10-23 15:25:56,817 p=16534 u=inolan |  TASK [Gathering Facts] **********************************************************************************************************************************
2018-10-23 15:25:58,589 p=16534 u=inolan |  ok: [deploy-cent7.library.arizona.edu]
2018-10-23 15:25:58,600 p=16534 u=inolan |   [WARNING]: Failure using method (v2_runner_on_ok) in callback plugin (<ansible.plugins.callback./home/inolan/Git/ansible-
config/callback_plugins/splunk.CallbackModule object at 0x7f6eaeeda150>): HTTP Error 400: Bad Request

2018-10-23 15:25:58,606 p=16534 u=inolan |  PLAY [Update Splunk Forwarder] **************************************************************************************************************************
2018-10-23 15:25:58,634 p=16534 u=inolan |  TASK [Gathering Facts] **********************************************************************************************************************************
2018-10-23 15:25:59,602 p=16534 u=inolan |  ok: [deploy-cent7.library.arizona.edu]
2018-10-23 15:25:59,637 p=16534 u=inolan |  TASK [splunk-update : 1st Register Splunk Status] *******************************************************************************************************
2018-10-23 15:26:00,321 p=16534 u=inolan |  fatal: [deploy-cent7.library.arizona.edu]: FAILED! => {"changed": true, "cmd": ["/opt/splunkforwarder/bin/splunk", "status"], "delta": "0:00:00.006471", "end": "2018-10-23 15:26:32.517475", "msg": "non-zero return code", "rc": 3, "start": "2018-10-23 15:26:32.511004", "stderr": "", "stderr_lines": [], "stdout": "splunkd is not running.", "stdout_lines": ["splunkd is not running."]}
2018-10-23 15:26:00,322 p=16534 u=inolan |  ...ignoring
2018-10-23 15:26:00,330 p=16534 u=inolan |   [WARNING]: Failure using method (v2_runner_on_failed) in callback plugin (<ansible.plugins.callback./home/inolan/Git/ansible-
config/callback_plugins/splunk.CallbackModule object at 0x7f6eaeeda150>): HTTP Error 400: Bad Request

2018-10-23 15:26:00,369 p=16534 u=inolan |  TASK [splunk-update : Stop Splunk] **********************************************************************************************************************
2018-10-23 15:26:00,382 p=16534 u=inolan |  skipping: [deploy-cent7.library.arizona.edu]
2018-10-23 15:26:00,385 p=16534 u=inolan |   [WARNING]: Failure using method (v2_runner_on_skipped) in callback plugin (<ansible.plugins.callback./home/inolan/Git/ansible-
config/callback_plugins/splunk.CallbackModule object at 0x7f6eaeeda150>): HTTP Error 400: Bad Request

2018-10-23 15:26:00,433 p=16534 u=inolan |  TASK [splunk-update : 2nd Register Splunk Status] *******************************************************************************************************
2018-10-23 15:26:01,025 p=16534 u=inolan |  fatal: [deploy-cent7.library.arizona.edu]: FAILED! => {"changed": true, "cmd": ["/opt/splunkforwarder/bin/splunk", "status"], "delta": "0:00:00.005300", "end": "2018-10-23 15:26:33.210573", "msg": "non-zero return code", "rc": 3, "start": "2018-10-23 15:26:33.205273", "stderr": "", "stderr_lines": [], "stdout": "splunkd is not running.", "stdout_lines": ["splunkd is not running."]}
2018-10-23 15:26:01,025 p=16534 u=inolan |  ...ignoring
2018-10-23 15:26:01,072 p=16534 u=inolan |  TASK [splunk-update : (CentOS) Upgrade Splunk Forwarder.] ***********************************************************************************************
2018-10-23 15:26:02,635 p=16534 u=inolan |  ok: [deploy-cent7.library.arizona.edu]
2018-10-23 15:26:02,680 p=16534 u=inolan |  TASK [splunk-update : (Ubuntu) Upgrade Splunk Forwarder.] ***********************************************************************************************
2018-10-23 15:26:02,696 p=16534 u=inolan |  skipping: [deploy-cent7.library.arizona.edu]
2018-10-23 15:26:02,728 p=16534 u=inolan |  TASK [splunk-update : Change Splunk Permissions] ********************************************************************************************************
2018-10-23 15:26:03,576 p=16534 u=inolan |  ok: [deploy-cent7.library.arizona.edu]
2018-10-23 15:26:03,580 p=16534 u=inolan |  PLAY RECAP **********************************************************************************************************************************************
2018-10-23 15:26:03,581 p=16534 u=inolan |  deploy-cent7.library.arizona.edu : ok=6    changed=2    unreachable=0    failed=0   
2018-10-23 15:29:37,651 p=16847 u=inolan |  PLAY [Install Splunk Forwarder] *************************************************************************************************************************
2018-10-23 15:29:37,714 p=16847 u=inolan |  TASK [Gathering Facts] **********************************************************************************************************************************
2018-10-23 15:29:39,469 p=16847 u=inolan |  ok: [deploy-cent7.library.arizona.edu]
2018-10-23 15:29:39,482 p=16847 u=inolan |   [WARNING]: Failure using method (v2_runner_on_ok) in callback plugin (<ansible.plugins.callback./home/inolan/Git/ansible-
config/callback_plugins/splunk.CallbackModule object at 0x7f945bb0b150>): HTTP Error 400: Bad Request

2018-10-23 15:29:39,489 p=16847 u=inolan |  PLAY [Update Splunk Forwarder] **************************************************************************************************************************
2018-10-23 15:29:39,517 p=16847 u=inolan |  TASK [Gathering Facts] **********************************************************************************************************************************
2018-10-23 15:29:40,630 p=16847 u=inolan |  ok: [deploy-cent7.library.arizona.edu]
2018-10-23 15:29:40,663 p=16847 u=inolan |  TASK [splunk-update : 1st Register Splunk Status] *******************************************************************************************************
2018-10-23 15:29:41,365 p=16847 u=inolan |  fatal: [deploy-cent7.library.arizona.edu]: FAILED! => {"changed": true, "cmd": ["/opt/splunkforwarder/bin/splunk", "status"], "delta": "0:00:00.006818", "end": "2018-10-23 15:30:13.540128", "msg": "non-zero return code", "rc": 3, "start": "2018-10-23 15:30:13.533310", "stderr": "", "stderr_lines": [], "stdout": "splunkd is not running.", "stdout_lines": ["splunkd is not running."]}
2018-10-23 15:29:41,366 p=16847 u=inolan |  ...ignoring
2018-10-23 15:29:41,377 p=16847 u=inolan |   [WARNING]: Failure using method (v2_runner_on_failed) in callback plugin (<ansible.plugins.callback./home/inolan/Git/ansible-
config/callback_plugins/splunk.CallbackModule object at 0x7f945bb0b150>): HTTP Error 400: Bad Request

2018-10-23 15:29:41,475 p=16847 u=inolan |  TASK [splunk-update : Stop Splunk] **********************************************************************************************************************
2018-10-23 15:29:41,489 p=16847 u=inolan |  skipping: [deploy-cent7.library.arizona.edu]
2018-10-23 15:29:41,491 p=16847 u=inolan |   [WARNING]: Failure using method (v2_runner_on_skipped) in callback plugin (<ansible.plugins.callback./home/inolan/Git/ansible-
config/callback_plugins/splunk.CallbackModule object at 0x7f945bb0b150>): HTTP Error 400: Bad Request

2018-10-23 15:29:41,526 p=16847 u=inolan |  TASK [splunk-update : 2nd Register Splunk Status] *******************************************************************************************************
2018-10-23 15:29:42,144 p=16847 u=inolan |  fatal: [deploy-cent7.library.arizona.edu]: FAILED! => {"changed": true, "cmd": ["/opt/splunkforwarder/bin/splunk", "status"], "delta": "0:00:00.005591", "end": "2018-10-23 15:30:14.342798", "msg": "non-zero return code", "rc": 3, "start": "2018-10-23 15:30:14.337207", "stderr": "", "stderr_lines": [], "stdout": "splunkd is not running.", "stdout_lines": ["splunkd is not running."]}
2018-10-23 15:29:42,145 p=16847 u=inolan |  ...ignoring
2018-10-23 15:29:42,191 p=16847 u=inolan |  TASK [splunk-update : (CentOS) Upgrade Splunk Forwarder.] ***********************************************************************************************
2018-10-23 15:29:43,726 p=16847 u=inolan |  ok: [deploy-cent7.library.arizona.edu]
2018-10-23 15:29:43,757 p=16847 u=inolan |  TASK [splunk-update : (Ubuntu) Upgrade Splunk Forwarder.] ***********************************************************************************************
2018-10-23 15:29:43,770 p=16847 u=inolan |  skipping: [deploy-cent7.library.arizona.edu]
2018-10-23 15:29:43,801 p=16847 u=inolan |  TASK [splunk-update : Change Splunk Permissions] ********************************************************************************************************
2018-10-23 15:29:44,627 p=16847 u=inolan |  ok: [deploy-cent7.library.arizona.edu]
2018-10-23 15:29:44,634 p=16847 u=inolan |  PLAY RECAP **********************************************************************************************************************************************
2018-10-23 15:29:44,634 p=16847 u=inolan |  deploy-cent7.library.arizona.edu : ok=6    changed=2    unreachable=0    failed=0   
2018-10-23 15:30:45,064 p=17191 u=inolan |  PLAY [Install Splunk Forwarder] *************************************************************************************************************************
2018-10-23 15:30:45,126 p=17191 u=inolan |  TASK [Gathering Facts] **********************************************************************************************************************************
2018-10-23 15:30:46,893 p=17191 u=inolan |  ok: [deploy-cent7.library.arizona.edu]
2018-10-23 15:30:46,906 p=17191 u=inolan |   [WARNING]: Failure using method (v2_runner_on_ok) in callback plugin (<ansible.plugins.callback./home/inolan/Git/ansible-
config/callback_plugins/splunk.CallbackModule object at 0x7f9eaa47b150>): HTTP Error 400: Bad Request

2018-10-23 15:30:46,914 p=17191 u=inolan |  PLAY [Update Splunk Forwarder] **************************************************************************************************************************
2018-10-23 15:30:46,934 p=17191 u=inolan |  TASK [Gathering Facts] **********************************************************************************************************************************
2018-10-23 15:30:48,019 p=17191 u=inolan |  ok: [deploy-cent7.library.arizona.edu]
2018-10-23 15:30:48,044 p=17191 u=inolan |  TASK [splunk-update : 1st Register Splunk Status] *******************************************************************************************************
2018-10-23 15:30:48,728 p=17191 u=inolan |  fatal: [deploy-cent7.library.arizona.edu]: FAILED! => {"changed": true, "cmd": ["/opt/splunkforwarder/bin/splunk", "status"], "delta": "0:00:00.006526", "end": "2018-10-23 15:31:20.916488", "msg": "non-zero return code", "rc": 3, "start": "2018-10-23 15:31:20.909962", "stderr": "", "stderr_lines": [], "stdout": "splunkd is not running.", "stdout_lines": ["splunkd is not running."]}
2018-10-23 15:30:48,729 p=17191 u=inolan |  ...ignoring
2018-10-23 15:30:48,738 p=17191 u=inolan |   [WARNING]: Failure using method (v2_runner_on_failed) in callback plugin (<ansible.plugins.callback./home/inolan/Git/ansible-
config/callback_plugins/splunk.CallbackModule object at 0x7f9eaa47b150>): HTTP Error 400: Bad Request

2018-10-23 15:30:48,773 p=17191 u=inolan |  TASK [splunk-update : Stop Splunk] **********************************************************************************************************************
2018-10-23 15:30:48,787 p=17191 u=inolan |  skipping: [deploy-cent7.library.arizona.edu]
2018-10-23 15:30:48,790 p=17191 u=inolan |   [WARNING]: Failure using method (v2_runner_on_skipped) in callback plugin (<ansible.plugins.callback./home/inolan/Git/ansible-
config/callback_plugins/splunk.CallbackModule object at 0x7f9eaa47b150>): HTTP Error 400: Bad Request

2018-10-23 15:30:48,841 p=17191 u=inolan |  TASK [splunk-update : 2nd Register Splunk Status] *******************************************************************************************************
2018-10-23 15:30:49,452 p=17191 u=inolan |  fatal: [deploy-cent7.library.arizona.edu]: FAILED! => {"changed": true, "cmd": ["/opt/splunkforwarder/bin/splunk", "status"], "delta": "0:00:00.005123", "end": "2018-10-23 15:31:21.638152", "msg": "non-zero return code", "rc": 3, "start": "2018-10-23 15:31:21.633029", "stderr": "", "stderr_lines": [], "stdout": "splunkd is not running.", "stdout_lines": ["splunkd is not running."]}
2018-10-23 15:30:49,453 p=17191 u=inolan |  ...ignoring
2018-10-23 15:30:49,495 p=17191 u=inolan |  TASK [splunk-update : (CentOS) Upgrade Splunk Forwarder.] ***********************************************************************************************
2018-10-23 15:30:51,772 p=17191 u=inolan |  ok: [deploy-cent7.library.arizona.edu]
2018-10-23 15:30:51,801 p=17191 u=inolan |  TASK [splunk-update : (Ubuntu) Upgrade Splunk Forwarder.] ***********************************************************************************************
2018-10-23 15:30:51,812 p=17191 u=inolan |  skipping: [deploy-cent7.library.arizona.edu]
2018-10-23 15:30:51,837 p=17191 u=inolan |  TASK [splunk-update : Change Splunk Permissions] ********************************************************************************************************
2018-10-23 15:30:52,698 p=17191 u=inolan |  ok: [deploy-cent7.library.arizona.edu]
2018-10-23 15:30:52,707 p=17191 u=inolan |  PLAY RECAP **********************************************************************************************************************************************
2018-10-23 15:30:52,708 p=17191 u=inolan |  deploy-cent7.library.arizona.edu : ok=6    changed=2    unreachable=0    failed=0   
2018-10-24 09:20:33,536 p=22170 u=inolan |  PLAY [Install Splunk Forwarder] *************************************************************************************************************************
2018-10-24 09:20:33,597 p=22170 u=inolan |  TASK [Gathering Facts] **********************************************************************************************************************************
2018-10-24 09:20:35,168 p=22170 u=inolan |  ok: [deploy-cent7.library.arizona.edu]
2018-10-24 09:20:35,178 p=22170 u=inolan |   [WARNING]: Failure using method (v2_runner_on_ok) in callback plugin (<ansible.plugins.callback./home/inolan/Git/ansible-
config/callback_plugins/splunk.CallbackModule object at 0x7f9eb3158150>): [Errno 104] Connection reset by peer

2018-10-24 09:20:35,187 p=22170 u=inolan |  PLAY [Update Splunk Forwarder] **************************************************************************************************************************
2018-10-24 09:20:35,209 p=22170 u=inolan |  TASK [Gathering Facts] **********************************************************************************************************************************
2018-10-24 09:20:36,303 p=22170 u=inolan |  ok: [deploy-cent7.library.arizona.edu]
2018-10-24 09:20:36,330 p=22170 u=inolan |  TASK [splunk-update : 1st Register Splunk Status] *******************************************************************************************************
2018-10-24 09:20:37,011 p=22170 u=inolan |  fatal: [deploy-cent7.library.arizona.edu]: FAILED! => {"changed": true, "cmd": ["/opt/splunkforwarder/bin/splunk", "status"], "delta": "0:00:00.006425", "end": "2018-10-24 09:21:09.653496", "msg": "non-zero return code", "rc": 3, "start": "2018-10-24 09:21:09.647071", "stderr": "", "stderr_lines": [], "stdout": "splunkd is not running.", "stdout_lines": ["splunkd is not running."]}
2018-10-24 09:20:37,011 p=22170 u=inolan |  ...ignoring
2018-10-24 09:20:37,019 p=22170 u=inolan |   [WARNING]: Failure using method (v2_runner_on_failed) in callback plugin (<ansible.plugins.callback./home/inolan/Git/ansible-
config/callback_plugins/splunk.CallbackModule object at 0x7f9eb3158150>): [Errno 104] Connection reset by peer

2018-10-24 09:20:37,056 p=22170 u=inolan |  TASK [splunk-update : Stop Splunk] **********************************************************************************************************************
2018-10-24 09:20:37,070 p=22170 u=inolan |  skipping: [deploy-cent7.library.arizona.edu]
2018-10-24 09:20:37,072 p=22170 u=inolan |   [WARNING]: Failure using method (v2_runner_on_skipped) in callback plugin (<ansible.plugins.callback./home/inolan/Git/ansible-
config/callback_plugins/splunk.CallbackModule object at 0x7f9eb3158150>): [Errno 104] Connection reset by peer

2018-10-24 09:20:37,114 p=22170 u=inolan |  TASK [splunk-update : 2nd Register Splunk Status] *******************************************************************************************************
2018-10-24 09:20:37,720 p=22170 u=inolan |  fatal: [deploy-cent7.library.arizona.edu]: FAILED! => {"changed": true, "cmd": ["/opt/splunkforwarder/bin/splunk", "status"], "delta": "0:00:00.005062", "end": "2018-10-24 09:21:10.356063", "msg": "non-zero return code", "rc": 3, "start": "2018-10-24 09:21:10.351001", "stderr": "", "stderr_lines": [], "stdout": "splunkd is not running.", "stdout_lines": ["splunkd is not running."]}
2018-10-24 09:20:37,721 p=22170 u=inolan |  ...ignoring
2018-10-24 09:20:37,767 p=22170 u=inolan |  TASK [splunk-update : (CentOS) Upgrade Splunk Forwarder.] ***********************************************************************************************
2018-10-24 09:20:40,287 p=22170 u=inolan |  ok: [deploy-cent7.library.arizona.edu]
2018-10-24 09:20:40,326 p=22170 u=inolan |  TASK [splunk-update : (Ubuntu) Upgrade Splunk Forwarder.] ***********************************************************************************************
2018-10-24 09:20:40,338 p=22170 u=inolan |  skipping: [deploy-cent7.library.arizona.edu]
2018-10-24 09:20:40,360 p=22170 u=inolan |  TASK [splunk-update : Change Splunk Permissions] ********************************************************************************************************
2018-10-24 09:20:41,209 p=22170 u=inolan |  ok: [deploy-cent7.library.arizona.edu]
2018-10-24 09:20:41,213 p=22170 u=inolan |  PLAY RECAP **********************************************************************************************************************************************
2018-10-24 09:20:41,214 p=22170 u=inolan |  deploy-cent7.library.arizona.edu : ok=6    changed=2    unreachable=0    failed=0   
2018-10-24 09:23:43,627 p=22779 u=inolan |  PLAY [Install Splunk Forwarder] *************************************************************************************************************************
2018-10-24 09:23:43,698 p=22779 u=inolan |  TASK [Gathering Facts] **********************************************************************************************************************************
2018-10-24 09:23:45,538 p=22779 u=inolan |  ok: [deploy-cent7.library.arizona.edu]
2018-10-24 09:23:45,547 p=22779 u=inolan |   [WARNING]: Failure using method (v2_runner_on_ok) in callback plugin (<ansible.plugins.callback./home/inolan/Git/ansible-
config/callback_plugins/splunk.CallbackModule object at 0x7faa85abf150>): [Errno 104] Connection reset by peer

2018-10-24 09:23:45,552 p=22779 u=inolan |  PLAY [Update Splunk Forwarder] **************************************************************************************************************************
2018-10-24 09:23:45,571 p=22779 u=inolan |  TASK [Gathering Facts] **********************************************************************************************************************************
2018-10-24 09:23:46,689 p=22779 u=inolan |  ok: [deploy-cent7.library.arizona.edu]
2018-10-24 09:23:46,714 p=22779 u=inolan |  TASK [splunk-update : 1st Register Splunk Status] *******************************************************************************************************
2018-10-24 09:23:47,408 p=22779 u=inolan |  fatal: [deploy-cent7.library.arizona.edu]: FAILED! => {"changed": true, "cmd": ["/opt/splunkforwarder/bin/splunk", "status"], "delta": "0:00:00.006767", "end": "2018-10-24 09:24:20.041680", "msg": "non-zero return code", "rc": 3, "start": "2018-10-24 09:24:20.034913", "stderr": "", "stderr_lines": [], "stdout": "splunkd is not running.", "stdout_lines": ["splunkd is not running."]}
2018-10-24 09:23:47,408 p=22779 u=inolan |  ...ignoring
2018-10-24 09:23:47,416 p=22779 u=inolan |   [WARNING]: Failure using method (v2_runner_on_failed) in callback plugin (<ansible.plugins.callback./home/inolan/Git/ansible-
config/callback_plugins/splunk.CallbackModule object at 0x7faa85abf150>): [Errno 104] Connection reset by peer

2018-10-24 09:23:47,476 p=22779 u=inolan |  TASK [splunk-update : Stop Splunk] **********************************************************************************************************************
2018-10-24 09:23:47,491 p=22779 u=inolan |  skipping: [deploy-cent7.library.arizona.edu]
2018-10-24 09:23:47,495 p=22779 u=inolan |   [WARNING]: Failure using method (v2_runner_on_skipped) in callback plugin (<ansible.plugins.callback./home/inolan/Git/ansible-
config/callback_plugins/splunk.CallbackModule object at 0x7faa85abf150>): [Errno 104] Connection reset by peer

2018-10-24 09:23:47,517 p=22779 u=inolan |  TASK [splunk-update : 2nd Register Splunk Status] *******************************************************************************************************
2018-10-24 09:23:48,111 p=22779 u=inolan |  fatal: [deploy-cent7.library.arizona.edu]: FAILED! => {"changed": true, "cmd": ["/opt/splunkforwarder/bin/splunk", "status"], "delta": "0:00:00.005684", "end": "2018-10-24 09:24:20.768256", "msg": "non-zero return code", "rc": 3, "start": "2018-10-24 09:24:20.762572", "stderr": "", "stderr_lines": [], "stdout": "splunkd is not running.", "stdout_lines": ["splunkd is not running."]}
2018-10-24 09:23:48,112 p=22779 u=inolan |  ...ignoring
2018-10-24 09:23:48,151 p=22779 u=inolan |  TASK [splunk-update : (CentOS) Upgrade Splunk Forwarder.] ***********************************************************************************************
2018-10-24 09:23:49,516 p=22779 u=inolan |  ok: [deploy-cent7.library.arizona.edu]
2018-10-24 09:23:49,567 p=22779 u=inolan |  TASK [splunk-update : (Ubuntu) Upgrade Splunk Forwarder.] ***********************************************************************************************
2018-10-24 09:23:49,578 p=22779 u=inolan |  skipping: [deploy-cent7.library.arizona.edu]
2018-10-24 09:23:49,603 p=22779 u=inolan |  TASK [splunk-update : Change Splunk Permissions] ********************************************************************************************************
2018-10-24 09:23:50,484 p=22779 u=inolan |  ok: [deploy-cent7.library.arizona.edu]
2018-10-24 09:23:50,498 p=22779 u=inolan |  PLAY RECAP **********************************************************************************************************************************************
2018-10-24 09:23:50,498 p=22779 u=inolan |  deploy-cent7.library.arizona.edu : ok=6    changed=2    unreachable=0    failed=0   
2018-10-24 09:40:50,443 p=26002 u=inolan |  PLAY [Install Splunk Forwarder] *************************************************************************************************************************
2018-10-24 09:40:50,507 p=26002 u=inolan |  TASK [Gathering Facts] **********************************************************************************************************************************
2018-10-24 09:40:52,232 p=26002 u=inolan |  ok: [deploy-cent7.library.arizona.edu]
2018-10-24 09:40:52,245 p=26002 u=inolan |  PLAY [Update Splunk Forwarder] **************************************************************************************************************************
2018-10-24 09:40:52,266 p=26002 u=inolan |  TASK [Gathering Facts] **********************************************************************************************************************************
2018-10-24 09:40:53,239 p=26002 u=inolan |  ok: [deploy-cent7.library.arizona.edu]
2018-10-24 09:40:53,264 p=26002 u=inolan |  TASK [splunk-update : 1st Register Splunk Status] *******************************************************************************************************
2018-10-24 09:40:53,967 p=26002 u=inolan |  fatal: [deploy-cent7.library.arizona.edu]: FAILED! => {"changed": true, "cmd": ["/opt/splunkforwarder/bin/splunk", "status"], "delta": "0:00:00.007527", "end": "2018-10-24 09:41:26.608975", "msg": "non-zero return code", "rc": 3, "start": "2018-10-24 09:41:26.601448", "stderr": "", "stderr_lines": [], "stdout": "splunkd is not running.", "stdout_lines": ["splunkd is not running."]}
2018-10-24 09:40:53,968 p=26002 u=inolan |  ...ignoring
2018-10-24 09:40:54,012 p=26002 u=inolan |  TASK [splunk-update : Stop Splunk] **********************************************************************************************************************
2018-10-24 09:40:54,026 p=26002 u=inolan |  skipping: [deploy-cent7.library.arizona.edu]
2018-10-24 09:40:54,075 p=26002 u=inolan |  TASK [splunk-update : 2nd Register Splunk Status] *******************************************************************************************************
2018-10-24 09:40:54,718 p=26002 u=inolan |  fatal: [deploy-cent7.library.arizona.edu]: FAILED! => {"changed": true, "cmd": ["/opt/splunkforwarder/bin/splunk", "status"], "delta": "0:00:00.004950", "end": "2018-10-24 09:41:27.361284", "msg": "non-zero return code", "rc": 3, "start": "2018-10-24 09:41:27.356334", "stderr": "", "stderr_lines": [], "stdout": "splunkd is not running.", "stdout_lines": ["splunkd is not running."]}
2018-10-24 09:40:54,719 p=26002 u=inolan |  ...ignoring
2018-10-24 09:40:54,762 p=26002 u=inolan |  TASK [splunk-update : (CentOS) Upgrade Splunk Forwarder.] ***********************************************************************************************
2018-10-24 09:40:56,269 p=26002 u=inolan |  ok: [deploy-cent7.library.arizona.edu]
2018-10-24 09:40:56,299 p=26002 u=inolan |  TASK [splunk-update : (Ubuntu) Upgrade Splunk Forwarder.] ***********************************************************************************************
2018-10-24 09:40:56,312 p=26002 u=inolan |  skipping: [deploy-cent7.library.arizona.edu]
2018-10-24 09:40:56,331 p=26002 u=inolan |  TASK [splunk-update : Change Splunk Permissions] ********************************************************************************************************
2018-10-24 09:40:57,149 p=26002 u=inolan |  ok: [deploy-cent7.library.arizona.edu]
2018-10-24 09:40:57,156 p=26002 u=inolan |  PLAY RECAP **********************************************************************************************************************************************
2018-10-24 09:40:57,156 p=26002 u=inolan |  deploy-cent7.library.arizona.edu : ok=6    changed=2    unreachable=0    failed=0   
